<?xml version="1.0" encoding="UTF-8"?>
<testng-results skipped="0" failed="0" total="1" passed="1">
  <reporter-output>
    <line>
      <![CDATA[Before Suite]]>
    </line>
    <line>
      <![CDATA[Before Test]]>
    </line>
    <line>
      <![CDATA[Script executing on: Firefoxbrowser]]>
    </line>
    <line>
      <![CDATA[Url is:http://www.yupptv.in/#!/home]]>
    </line>
    <line>
      <![CDATA[Title is:Live TV | Live Indian TV Channels | Watch Live TV | Live TV Channels]]>
    </line>
    <line>
      <![CDATA[Before Method]]>
    </line>
    <line>
      <![CDATA[After method]]>
    </line>
    <line>
      <![CDATA[After class]]>
    </line>
    <line>
      <![CDATA[After Suite]]>
    </line>
  </reporter-output>
  <suite name="YuppTvTestSuite" duration-ms="206789" started-at="2016-04-12T07:23:43Z" finished-at="2016-04-12T07:27:10Z">
    <groups>
    </groups>
    <test name="Testing login on yupptv application using Firefox" duration-ms="206789" started-at="2016-04-12T07:23:43Z" finished-at="2016-04-12T07:27:10Z">
      <class name="com.yupptv.testcases.LangTest">
        <test-method status="PASS" signature="beforSuite()[pri:0, instance:com.yupptv.testcases.LangTest@e20e6b]" name="beforSuite" is-config="true" duration-ms="38" started-at="2016-04-12T12:53:43Z" finished-at="2016-04-12T12:53:43Z">
          <reporter-output>
            <line>
              <![CDATA[Before Suite]]>
            </line>
          </reporter-output>
        </test-method> <!-- beforSuite -->
        <test-method status="PASS" signature="beforTest()[pri:0, instance:com.yupptv.testcases.LangTest@e20e6b]" name="beforTest" is-config="true" duration-ms="0" started-at="2016-04-12T12:53:43Z" finished-at="2016-04-12T12:53:43Z">
          <reporter-output>
            <line>
              <![CDATA[Before Test]]>
            </line>
          </reporter-output>
        </test-method> <!-- beforTest -->
        <test-method status="PASS" signature="setup(java.lang.String, java.lang.String)[pri:0, instance:com.yupptv.testcases.LangTest@e20e6b]" name="setup" is-config="true" duration-ms="197114" started-at="2016-04-12T12:53:43Z" finished-at="2016-04-12T12:57:00Z">
          <params>
            <param index="0">
              <value>
                <![CDATA[http://www.yupptv.in/#!/home/]]>
              </value>
            </param>
            <param index="1">
              <value>
                <![CDATA[Firefox]]>
              </value>
            </param>
          </params>
          <reporter-output>
            <line>
              <![CDATA[Script executing on: Firefoxbrowser]]>
            </line>
            <line>
              <![CDATA[Url is:http://www.yupptv.in/#!/home]]>
            </line>
            <line>
              <![CDATA[Title is:Live TV | Live Indian TV Channels | Watch Live TV | Live TV Channels]]>
            </line>
          </reporter-output>
        </test-method> <!-- setup -->
        <test-method status="PASS" signature="beforMethod()[pri:0, instance:com.yupptv.testcases.LangTest@e20e6b]" name="beforMethod" is-config="true" duration-ms="1" started-at="2016-04-12T12:57:00Z" finished-at="2016-04-12T12:57:00Z">
          <reporter-output>
            <line>
              <![CDATA[Before Method]]>
            </line>
          </reporter-output>
        </test-method> <!-- beforMethod -->
        <test-method status="PASS" signature="selectLang()[pri:0, instance:com.yupptv.testcases.LangTest@e20e6b]" name="selectLang" duration-ms="4333" started-at="2016-04-12T12:57:00Z" finished-at="2016-04-12T12:57:05Z">
          <reporter-output>
          </reporter-output>
        </test-method> <!-- selectLang -->
        <test-method status="PASS" signature="close()[pri:0, instance:com.yupptv.testcases.LangTest@e20e6b]" name="close" is-config="true" duration-ms="2" started-at="2016-04-12T12:57:05Z" finished-at="2016-04-12T12:57:05Z">
          <reporter-output>
            <line>
              <![CDATA[After method]]>
            </line>
          </reporter-output>
        </test-method> <!-- close -->
        <test-method status="PASS" signature="aftrClass()[pri:0, instance:com.yupptv.testcases.LangTest@e20e6b]" name="aftrClass" is-config="true" duration-ms="5270" started-at="2016-04-12T12:57:05Z" finished-at="2016-04-12T12:57:10Z">
          <reporter-output>
            <line>
              <![CDATA[After class]]>
            </line>
          </reporter-output>
        </test-method> <!-- aftrClass -->
        <test-method status="PASS" signature="aftrSuite()[pri:0, instance:com.yupptv.testcases.LangTest@e20e6b]" name="aftrSuite" is-config="true" duration-ms="1" started-at="2016-04-12T12:57:10Z" finished-at="2016-04-12T12:57:10Z">
          <reporter-output>
            <line>
              <![CDATA[After Suite]]>
            </line>
          </reporter-output>
        </test-method> <!-- aftrSuite -->
      </class> <!-- com.yupptv.testcases.LangTest -->
    </test> <!-- Testing login on yupptv application using Firefox -->
  </suite> <!-- YuppTvTestSuite -->
</testng-results>
